09:57:27.936 [debug] Node port message: 
09:57:27.936 [info] Build path /home/vinnie/Projects/exandra/.expert/build/erl-28/elixir-1.18 was compiled on a previous erlang version. Deleting

09:57:27.975 [debug] sent notification server -> client $/progress
09:57:27.975 [debug] sent notification server -> client $/progress
09:57:27.975 [debug] sent notification server -> client $/progress
09:57:27.975 [debug] sent notification server -> client $/progress
09:57:27.975 [debug] sent notification server -> client $/progress
09:57:27.975 [debug] sent notification server -> client $/progress
09:57:27.975 [debug] sent notification server -> client $/progress
09:57:27.975 [debug] sent notification server -> client $/progress
09:57:27.975 [debug] sent notification server -> client $/progress
09:57:27.975 [debug] sent notification server -> client $/progress
09:57:27.975 [debug] sent notification server -> client $/progress
09:57:27.975 [debug] sent notification server -> client $/progress
09:57:27.975 [debug] sent notification server -> client $/progress
09:57:27.975 [debug] sent notification server -> client $/progress
09:57:27.975 [debug] sent notification server -> client $/progress
09:57:27.975 [debug] sent notification server -> client $/progress
09:57:27.975 [debug] sent notification server -> client $/progress
09:57:27.976 [debug] sent notification server -> client $/progress
09:57:27.976 [debug] sent notification server -> client $/progress
09:57:27.977 [info] Child {XPExpert.Project.Node, "exandra"} of Supervisor :"exandra::supervisor" started
Pid: #PID<0.176.0>
Start Call: XPExpert.Project.Node.start_link(%XPForge.Project{root_uri: "file:///home/vinnie/Projects/exandra", mix_exs_uri: "file:///home/vinnie/Projects/exandra/mix.exs", mix_project?: true, mix_env: nil, mix_target: nil, env_variables: %{}, project_module: nil, entropy: 29493})
Restart: :permanent
Shutdown: 5000
Type: :worker
09:57:27.978 [info] Child {XPExpert.Project.Diagnostics, "exandra"} of Supervisor :"exandra::supervisor" started
Pid: #PID<0.215.0>
Start Call: XPExpert.Project.Diagnostics.start_link(%XPForge.Project{root_uri: "file:///home/vinnie/Projects/exandra", mix_exs_uri: "file:///home/vinnie/Projects/exandra/mix.exs", mix_project?: true, mix_env: nil, mix_target: nil, env_variables: %{}, project_module: nil, entropy: 29493})
Restart: :permanent
Shutdown: 5000
Type: :worker
09:57:27.979 [info] Child {XPExpert.Project.Intelligence, "exandra"} of Supervisor :"exandra::supervisor" started
Pid: #PID<0.216.0>
Start Call: XPExpert.Project.Intelligence.start_link(%XPForge.Project{root_uri: "file:///home/vinnie/Projects/exandra", mix_exs_uri: "file:///home/vinnie/Projects/exandra/mix.exs", mix_project?: true, mix_env: nil, mix_target: nil, env_variables: %{}, project_module: nil, entropy: 29493})
Restart: :permanent
Shutdown: 5000
Type: :worker
09:57:27.980 [info] Child XPExpert.Project.SearchListener of Supervisor :"exandra::supervisor" started
Pid: #PID<0.217.0>
Start Call: XPExpert.Project.SearchListener.start_link(%XPForge.Project{root_uri: "file:///home/vinnie/Projects/exandra", mix_exs_uri: "file:///home/vinnie/Projects/exandra/mix.exs", mix_project?: true, mix_env: nil, mix_target: nil, env_variables: %{}, project_module: nil, entropy: 29493})
Restart: :permanent
Shutdown: 5000
Type: :worker
